INFO: [VRFC 10-2263] Analyzing Verilog file "/home/chenchingwen/Course2023/SoC/fir-cavarel/rtl/user/bram11.v" into library xil_defaultlib
INFO: [VRFC 10-311] analyzing module bram11
INFO: [VRFC 10-2263] Analyzing Verilog file "/home/chenchingwen/Course2023/SoC/fir-cavarel/rtl/user/fir.v" into library xil_defaultlib
INFO: [VRFC 10-311] analyzing module fir
INFO: [VRFC 10-311] analyzing module fir_mac_op
INFO: [VRFC 10-311] analyzing module bcd
INFO: [VRFC 10-2263] Analyzing Verilog file "/home/chenchingwen/Course2023/SoC/fir-cavarel/rtl/user/user_proj_example.counter.v" into library xil_defaultlib
INFO: [VRFC 10-311] analyzing module user_proj_example
ERROR: [VRFC 10-3805] use of undefined macro 'MPRJ_IO_PADS' [/home/chenchingwen/Course2023/SoC/fir-cavarel/rtl/user/user_proj_example.counter.v:68]
WARNING: [VRFC 10-9336] redeclaration of ANSI port 'io_in' is not allowed [/home/chenchingwen/Course2023/SoC/fir-cavarel/rtl/user/user_proj_example.counter.v:78]
WARNING: [VRFC 10-9336] redeclaration of ANSI port 'io_out' is not allowed [/home/chenchingwen/Course2023/SoC/fir-cavarel/rtl/user/user_proj_example.counter.v:79]
WARNING: [VRFC 10-9336] redeclaration of ANSI port 'io_oeb' is not allowed [/home/chenchingwen/Course2023/SoC/fir-cavarel/rtl/user/user_proj_example.counter.v:80]
WARNING: [VRFC 10-1103] net type must be explicitly specified for 'wb_clk_i' when default_nettype is none [/home/chenchingwen/Course2023/SoC/fir-cavarel/rtl/user/user_proj_example.counter.v:51]
WARNING: [VRFC 10-3594] non-net port 'wb_clk_i' cannot be of mode input [/home/chenchingwen/Course2023/SoC/fir-cavarel/rtl/user/user_proj_example.counter.v:51]
WARNING: [VRFC 10-1103] net type must be explicitly specified for 'wb_rst_i' when default_nettype is none [/home/chenchingwen/Course2023/SoC/fir-cavarel/rtl/user/user_proj_example.counter.v:52]
WARNING: [VRFC 10-3594] non-net port 'wb_rst_i' cannot be of mode input [/home/chenchingwen/Course2023/SoC/fir-cavarel/rtl/user/user_proj_example.counter.v:52]
WARNING: [VRFC 10-1103] net type must be explicitly specified for 'wbs_stb_i' when default_nettype is none [/home/chenchingwen/Course2023/SoC/fir-cavarel/rtl/user/user_proj_example.counter.v:53]
WARNING: [VRFC 10-3594] non-net port 'wbs_stb_i' cannot be of mode input [/home/chenchingwen/Course2023/SoC/fir-cavarel/rtl/user/user_proj_example.counter.v:53]
WARNING: [VRFC 10-1103] net type must be explicitly specified for 'wbs_cyc_i' when default_nettype is none [/home/chenchingwen/Course2023/SoC/fir-cavarel/rtl/user/user_proj_example.counter.v:54]
WARNING: [VRFC 10-3594] non-net port 'wbs_cyc_i' cannot be of mode input [/home/chenchingwen/Course2023/SoC/fir-cavarel/rtl/user/user_proj_example.counter.v:54]
WARNING: [VRFC 10-1103] net type must be explicitly specified for 'wbs_we_i' when default_nettype is none [/home/chenchingwen/Course2023/SoC/fir-cavarel/rtl/user/user_proj_example.counter.v:55]
WARNING: [VRFC 10-3594] non-net port 'wbs_we_i' cannot be of mode input [/home/chenchingwen/Course2023/SoC/fir-cavarel/rtl/user/user_proj_example.counter.v:55]
WARNING: [VRFC 10-1103] net type must be explicitly specified for 'wbs_sel_i' when default_nettype is none [/home/chenchingwen/Course2023/SoC/fir-cavarel/rtl/user/user_proj_example.counter.v:56]
WARNING: [VRFC 10-3594] non-net port 'wbs_sel_i' cannot be of mode input [/home/chenchingwen/Course2023/SoC/fir-cavarel/rtl/user/user_proj_example.counter.v:56]
WARNING: [VRFC 10-1103] net type must be explicitly specified for 'wbs_dat_i' when default_nettype is none [/home/chenchingwen/Course2023/SoC/fir-cavarel/rtl/user/user_proj_example.counter.v:57]
WARNING: [VRFC 10-3594] non-net port 'wbs_dat_i' cannot be of mode input [/home/chenchingwen/Course2023/SoC/fir-cavarel/rtl/user/user_proj_example.counter.v:57]
WARNING: [VRFC 10-1103] net type must be explicitly specified for 'wbs_adr_i' when default_nettype is none [/home/chenchingwen/Course2023/SoC/fir-cavarel/rtl/user/user_proj_example.counter.v:58]
WARNING: [VRFC 10-3594] non-net port 'wbs_adr_i' cannot be of mode input [/home/chenchingwen/Course2023/SoC/fir-cavarel/rtl/user/user_proj_example.counter.v:58]
WARNING: [VRFC 10-1103] net type must be explicitly specified for 'wbs_ack_o' when default_nettype is none [/home/chenchingwen/Course2023/SoC/fir-cavarel/rtl/user/user_proj_example.counter.v:59]
WARNING: [VRFC 10-1103] net type must be explicitly specified for 'wbs_dat_o' when default_nettype is none [/home/chenchingwen/Course2023/SoC/fir-cavarel/rtl/user/user_proj_example.counter.v:60]
WARNING: [VRFC 10-1103] net type must be explicitly specified for 'la_data_in' when default_nettype is none [/home/chenchingwen/Course2023/SoC/fir-cavarel/rtl/user/user_proj_example.counter.v:63]
WARNING: [VRFC 10-3594] non-net port 'la_data_in' cannot be of mode input [/home/chenchingwen/Course2023/SoC/fir-cavarel/rtl/user/user_proj_example.counter.v:63]
WARNING: [VRFC 10-1103] net type must be explicitly specified for 'la_data_out' when default_nettype is none [/home/chenchingwen/Course2023/SoC/fir-cavarel/rtl/user/user_proj_example.counter.v:64]
WARNING: [VRFC 10-1103] net type must be explicitly specified for 'la_oenb' when default_nettype is none [/home/chenchingwen/Course2023/SoC/fir-cavarel/rtl/user/user_proj_example.counter.v:65]
WARNING: [VRFC 10-3594] non-net port 'la_oenb' cannot be of mode input [/home/chenchingwen/Course2023/SoC/fir-cavarel/rtl/user/user_proj_example.counter.v:65]
WARNING: [VRFC 10-1103] net type must be explicitly specified for 'io_in' when default_nettype is none [/home/chenchingwen/Course2023/SoC/fir-cavarel/rtl/user/user_proj_example.counter.v:68]
WARNING: [VRFC 10-1103] net type must be explicitly specified for 'io_out' when default_nettype is none [/home/chenchingwen/Course2023/SoC/fir-cavarel/rtl/user/user_proj_example.counter.v:69]
WARNING: [VRFC 10-1103] net type must be explicitly specified for 'io_oeb' when default_nettype is none [/home/chenchingwen/Course2023/SoC/fir-cavarel/rtl/user/user_proj_example.counter.v:70]
WARNING: [VRFC 10-1103] net type must be explicitly specified for 'irq' when default_nettype is none [/home/chenchingwen/Course2023/SoC/fir-cavarel/rtl/user/user_proj_example.counter.v:73]
ERROR: [VRFC 10-845] illegal operand for operator && [/home/chenchingwen/Course2023/SoC/fir-cavarel/rtl/user/user_proj_example.counter.v:91]
ERROR: [VRFC 10-3236] concurrent assignment to a non-net 'irq' is not permitted [/home/chenchingwen/Course2023/SoC/fir-cavarel/rtl/user/user_proj_example.counter.v:100]
ERROR: [VRFC 10-3236] concurrent assignment to a non-net 'la_data_out' is not permitted [/home/chenchingwen/Course2023/SoC/fir-cavarel/rtl/user/user_proj_example.counter.v:103]
ERROR: [VRFC 10-845] illegal operand for operator ~ [/home/chenchingwen/Course2023/SoC/fir-cavarel/rtl/user/user_proj_example.counter.v:107]
ERROR: [VRFC 10-845] illegal operand for operator ~ [/home/chenchingwen/Course2023/SoC/fir-cavarel/rtl/user/user_proj_example.counter.v:108]
ERROR: [VRFC 10-845] illegal operand for operator && [/home/chenchingwen/Course2023/SoC/fir-cavarel/rtl/user/user_proj_example.counter.v:131]
ERROR: [VRFC 10-845] illegal operand for operator && [/home/chenchingwen/Course2023/SoC/fir-cavarel/rtl/user/user_proj_example.counter.v:139]
ERROR: [VRFC 10-845] illegal operand for operator && [/home/chenchingwen/Course2023/SoC/fir-cavarel/rtl/user/user_proj_example.counter.v:198]
ERROR: [VRFC 10-845] illegal operand for operator && [/home/chenchingwen/Course2023/SoC/fir-cavarel/rtl/user/user_proj_example.counter.v:204]
ERROR: [VRFC 10-845] illegal operand for operator && [/home/chenchingwen/Course2023/SoC/fir-cavarel/rtl/user/user_proj_example.counter.v:218]
ERROR: [VRFC 10-845] illegal operand for operator && [/home/chenchingwen/Course2023/SoC/fir-cavarel/rtl/user/user_proj_example.counter.v:223]
ERROR: [VRFC 10-845] illegal operand for operator && [/home/chenchingwen/Course2023/SoC/fir-cavarel/rtl/user/user_proj_example.counter.v:249]
ERROR: [VRFC 10-845] illegal operand for operator ~ [/home/chenchingwen/Course2023/SoC/fir-cavarel/rtl/user/user_proj_example.counter.v:270]
ERROR: [VRFC 10-845] illegal operand for operator ~ [/home/chenchingwen/Course2023/SoC/fir-cavarel/rtl/user/user_proj_example.counter.v:282]
ERROR: [VRFC 10-3236] concurrent assignment to a non-net 'wbs_dat_o' is not permitted [/home/chenchingwen/Course2023/SoC/fir-cavarel/rtl/user/user_proj_example.counter.v:334]
ERROR: [VRFC 10-3236] concurrent assignment to a non-net 'wbs_ack_o' is not permitted [/home/chenchingwen/Course2023/SoC/fir-cavarel/rtl/user/user_proj_example.counter.v:335]
ERROR: [VRFC 10-845] illegal operand for operator ~ [/home/chenchingwen/Course2023/SoC/fir-cavarel/rtl/user/user_proj_example.counter.v:344]
ERROR: [VRFC 10-845] illegal operand for operator ~ [/home/chenchingwen/Course2023/SoC/fir-cavarel/rtl/user/user_proj_example.counter.v:347]
INFO: [#UNDEF] Sorry, too many errors..
